This is pdfTeX, Version 3.1415926-1.40.10 (TeX Live 2009/Debian) (format=latex 2012.10.25)  8 OCT 2013 18:12
entering extended mode
 %&-line parsing enabled.
**multicol.dtx
(./multicol.dtx
LaTeX2e <2009/09/24>
Babel <v3.8l> and hyphenation patterns for english, usenglishmax, dumylang, noh
yphenation, loaded.
File: multicol.dtx 2011/06/27 v1.7a multicolumn formatting (FMi)
(/usr/share/texmf-texlive/tex/latex/base/ltxdoc.cls
Document Class: ltxdoc 2007/11/11 v2.0u Standard LaTeX documentation class
(/usr/share/texmf-texlive/tex/latex/base/article.cls
Document Class: article 2007/10/19 v1.4h Standard LaTeX document class
(/usr/share/texmf-texlive/tex/latex/base/size10.clo
File: size10.clo 2007/10/19 v1.4h Standard LaTeX file (size option)
)
\c@part=\count79
\c@section=\count80
\c@subsection=\count81
\c@subsubsection=\count82
\c@paragraph=\count83
\c@subparagraph=\count84
\c@figure=\count85
\c@table=\count86
\abovecaptionskip=\skip41
\belowcaptionskip=\skip42
\bibindent=\dimen102
)
(/usr/share/texmf-texlive/tex/latex/base/doc.sty
Package: doc 2006/02/02 v2.1d Standard LaTeX documentation package (FMi)
\c@StandardModuleDepth=\count87
\guard@level=\count88
\MacrocodeTopsep=\skip43
\MacroIndent=\dimen103
\macro@cnt=\count89
\MacroTopsep=\skip44
\index@excludelist=\toks14

(/usr/share/texmf-texlive/tex/latex/tools/multicol.sty
Package: multicol 2008/12/05 v1.6h multicolumn formatting (FMi)
\c@tracingmulticols=\count90
\mult@box=\box26
\multicol@leftmargin=\dimen104
\c@unbalance=\count91
\c@collectmore=\count92
\doublecol@number=\count93
\multicoltolerance=\count94
\multicolpretolerance=\count95
\full@width=\dimen105
\page@free=\dimen106
\premulticols=\dimen107
\postmulticols=\dimen108
\multicolsep=\skip45
\multicolbaselineskip=\skip46
\partial@page=\box27
\last@line=\box28
\mult@rightbox=\box29
\mult@grightbox=\box30
\mult@gfirstbox=\box31
\mult@firstbox=\box32
\@tempa=\box33
\@tempa=\box34
\@tempa=\box35
\@tempa=\box36
\@tempa=\box37
\@tempa=\box38
\@tempa=\box39
\@tempa=\box40
\@tempa=\box41
\@tempa=\box42
\@tempa=\box43
\@tempa=\box44
\@tempa=\box45
\@tempa=\box46
\@tempa=\box47
\@tempa=\box48
\@tempa=\box49
\c@columnbadness=\count96
\c@finalcolumnbadness=\count97
\last@try=\dimen109
\multicolovershoot=\dimen110
\multicolundershoot=\dimen111
\mult@nat@firstbox=\box50
\colbreak@box=\box51
)
\IndexMin=\dimen112
\c@IndexColumns=\count98
\GlossaryMin=\dimen113
\c@GlossaryColumns=\count99
\check@sum=\count100
\bslash@cnt=\count101
\wrong@table=\toks15
\c@CodelineNo=\count102
))
\@indexfile=\write3
\openout3 = `multicol.idx'.


Writing index file multicol.idx
\@glossaryfile=\write4
\openout4 = `multicol.glo'.

Writing glossary file multicol.glo 
No file multicol.aux.
\openout1 = `multicol.aux'.

LaTeX Font Info:    Checking defaults for OML/cmm/m/it on input line 846.
LaTeX Font Info:    ... okay on input line 846.
LaTeX Font Info:    Checking defaults for T1/cmr/m/n on input line 846.
LaTeX Font Info:    ... okay on input line 846.
LaTeX Font Info:    Checking defaults for OT1/cmr/m/n on input line 846.
LaTeX Font Info:    ... okay on input line 846.
LaTeX Font Info:    Checking defaults for OMS/cmsy/m/n on input line 846.
LaTeX Font Info:    ... okay on input line 846.
LaTeX Font Info:    Checking defaults for OMX/cmex/m/n on input line 846.
LaTeX Font Info:    ... okay on input line 846.
LaTeX Font Info:    Checking defaults for U/cmr/m/n on input line 846.
LaTeX Font Info:    ... okay on input line 846.
Package doc Info: Made | a short reference for \verb on input line 846.
**************************************** 
* Expect some Under- and overfull boxes. 
****************************************
(./multicol.dtx
File: multicol.dtx 2011/06/27 v1.7a multicolumn formatting (FMi)

***************************
* Character table correct *
***************************
\descriptionmargin=\dimen114
Package doc Info: | already a short reference for \verb(*) on input line 156.
LaTeX Font Info:    External font `cmex10' loaded for size
(Font)              <17.28> on input line 176.
LaTeX Font Info:    External font `cmex10' loaded for size
(Font)              <12> on input line 176.
LaTeX Font Info:    External font `cmex10' loaded for size
(Font)              <8> on input line 176.
LaTeX Font Info:    External font `cmex10' loaded for size
(Font)              <6> on input line 176.
LaTeX Font Info:    External font `cmex10' loaded for size
(Font)              <5> on input line 176.
LaTeX Font Info:    External font `cmex10' loaded for size
(Font)              <9> on input line 183.
! Undefined control sequence.
l.189 % \RLmulticolcolumns
                          
? 
! Undefined control sequence.
l.200 % \LRmulticolcolumns
                          
? 
LaTeX Font Info:    External font `cmex10' loaded for size
(Font)              <7> on input line 210.

Package multicol Warning: I moved some lines to the next page.
(multicol)                Footnotes on page 1 might be wrong on input line 246.


[1

]
Overfull \hbox (2.36583pt too wide) in paragraph at lines 252--263
| []\OT1/cmtt/m/n/10 \begin{multicols}{$\OMS/cmsy/m/n/10 h$[]\OT1/cmr/m/it/10 n
umber$\OMS/cmsy/m/n/10 i$[][]\OT1/cmtt/m/n/10 }
 []


Package multicol Warning: I moved some lines to the next page.
(multicol)                Footnotes on page 2 might be wrong on input line 361.


[2]

Package multicol Warning: I moved some lines to the next page.
(multicol)                Footnotes on page 3 might be wrong on input line 462.


[3] [4]

LaTeX Warning: Reference `tab:newcmds' on page 5 undefined on input line 612.


LaTeX Warning: Reference `tab:balance' on page 5 undefined on input line 632.


LaTeX Warning: Reference `sec:v14' on page 5 undefined on input line 659.

[5]

LaTeX Warning: Reference `tab:newcmds' on page 6 undefined on input line 713.

[6] [7]
Overfull \hbox (17.18903pt too wide) in paragraph at lines 908--908
 [][]\OT1/cmtt/m/n/9 \DeclareOption{grid}{\def\mc@gridwarn{\maxdepth}} 
 []


Overfull \hbox (3.01419pt too wide) in paragraph at lines 978--978
 [][]     \OT1/cmtt/m/n/9 \ifx\@footnotetext\mult@footnotetext\else 
 []

[8] [9] [10] [11]
Underfull \hbox (badness 10000) in paragraph at lines 1424--1431
\OT1/cmr/m/n/10 For use with the new T[]X we set
 []


Underfull \hbox (badness 7869) in paragraph at lines 1443--1446
\OT1/cmr/m/n/10 Additionally, we ad-vance []\OT1/cmtt/m/n/10 \baselineskip \OT1
/cmr/m/n/10 by
 []

[12] [13] [14]
Overfull \hbox (12.46408pt too wide) in paragraph at lines 1904--1904
 [][]    \OT1/cmtt/m/n/9 {Column spec: \the\full@width\space = indent 
 []


Overfull \hbox (12.46408pt too wide) in paragraph at lines 1904--1904
 [][]                  \OT1/cmtt/m/n/9 + columns + sep =\MessageBreak 
 []


Underfull \hbox (badness 10000) in paragraph at lines 1909--1920
\OT1/cmr/m/n/10 Now we put all columns to-gether in an
 []


Package multicol Warning: I moved some lines to the next page.
(multicol)                Footnotes on page 15 might be wrong on input line 196
1.

[15]

LaTeX Warning: Reference `sec:colbreak' on page 16 undefined on input line 2067
.

[16] [17]

LaTeX Warning: Reference `sec:colbreak' on page 18 undefined on input line 2341
.

[18]

LaTeX Warning: Reference `sec:colbreak' on page 19 undefined on input line 2471
.

[19]
Underfull \hbox (badness 7397) in paragraph at lines 2543--2548
\OT1/cmr/m/n/10 Then fol-low val-ues as-sign-ments to get the
 []

[20]

Package multicol Warning: I moved some lines to the next page.
(multicol)                Footnotes on page 21 might be wrong on input line 278
8.

[21] [22]
Underfull \hbox (badness 10000) in paragraph at lines 3020--3024
\OT1/cmr/m/n/10 My tests showed that the fol-low-ing for-
 []

[23]

Package multicol Warning: I moved some lines to the next page.
(multicol)                Footnotes on page 24 might be wrong on input line 320
1.

[24] [25]
LaTeX Font Info:    Font shape `OT1/cmtt/bx/n' in size <14.4> not available
(Font)              Font shape `OT1/cmtt/m/n' tried instead on input line 3361.


Underfull \hbox (badness 10000) in paragraph at lines 3368--3372
[]\OT1/cmr/m/n/10 If we store the cur-rent col-umn width in
 []

[26]
Underfull \hbox (badness 10000) in paragraph at lines 3514--3514
[]\OT1/cmr/bx/n/12 Supporting right-to-left lan-
 []


Underfull \hbox (badness 10000) in paragraph at lines 3522--3526
\OT1/cmr/m/n/10 left type-set-ting. In RL type-set-ting the
 []


Underfull \hbox (badness 10000) in paragraph at lines 3560--3563
\OT1/cmr/m/n/10 The columns are at this point in the
 []

[27] [28]
No file multicol.ind.
No file multicol.gls.
*******************
* Checksum passed *
*******************
) (./multicol.aux)

LaTeX Warning: There were undefined references.


LaTeX Warning: Label(s) may have changed. Rerun to get cross-references right.

 ) 
Here is how much of TeX's memory you used:
 627 strings out of 495062
 7518 string characters out of 1182643
 82783 words of memory out of 3000000
 3846 multiletter control sequences out of 15000+50000
 15082 words of font info for 54 fonts, out of 3000000 for 9000
 28 hyphenation exceptions out of 8191
 30i,12n,23p,244b,498s stack positions out of 5000i,500n,10000p,200000b,50000s

Output written on multicol.dvi (28 pages, 158612 bytes).
